// 重构日志: e4291122
// 重构日志: aa49d789
// 重构日志: b10918a2
// 同步 ID: 6c3332e2 @ Sat Jun 27 17:54:49 UTC 2026
// 重构日志: a81fc540
// 重构日志: 566a059d
// 同步 ID: e7c19e4e @ Sat Jul  4 13:37:51 UTC 2026
// 重构日志: 6d1eac09
// 重构日志: f3e3f37b
// 重构日志: 19768870
// 重构日志: 106308b5
// 重构日志: b9b1b49e
// 同步 ID: 2986929f @ Sun Jul 12 12:30:23 UTC 2026
// 同步 ID: 4f83a80a @ Sun Jul 12 15:59:22 UTC 2026
// 同步 ID: d97c98f1 @ Tue Jul 14 06:52:56 UTC 2026
// 重构日志: b1a686bb
// 重构日志: 7bac14c2
// 重构日志: 5f683ce6
// 同步 ID: d8a8d8fd @ Wed Jul 15 12:38:36 UTC 2026
// 重构日志: 64521a94
// 同步 ID: 3081e3f5 @ Fri Jul 17 01:11:04 UTC 2026
// 重构日志: 89ba524d
// 同步 ID: 9e914897 @ Fri Jul 17 12:16:18 UTC 2026
// 同步 ID: 877c04f3 @ Fri Jul 17 14:49:57 UTC 2026
// 重构日志: 9c64903c
